#
# A fatal error has been detected by the Java Runtime Environment:
#
#  EXCEPTION_ILLEGAL_INSTRUCTION (0xc000001d) at pc=0x00007ffd397211d0, pid=14392, tid=15840
#
# JRE version:  (25.0.2+10) (build )
# Java VM: OpenJDK 64-Bit Server VM (25.0.2+10-LTS, mixed mode, sharing, tiered, compressed oops, compressed class ptrs, g1 gc, windows-aarch64)
# Problematic frame:
# C  [java.dll+0x11d0]
#
# No core dump will be written. Minidumps are not enabled by default on client versions of Windows
#
#

---------------  S U M M A R Y ------------

Command Line: 

Host: Snapdragon (TM) 850 @ 2.96 GHz, 8 cores, 7G,  Windows 10 , 64 bit Build 19041 (10.0.19041.5072)
Time: Sat Feb 14 22:33:42 2026 elapsed time: 0.061834 seconds (0d 0h 0m 0s)

---------------  T H R E A D  ---------------

Current thread (0x0000026e96c99520):  JavaThread "Unknown thread" [_thread_in_vm, id=15840, stack(0x000000d3c6800000,0x000000d3c6900000) (1024K)]

Stack: [0x000000d3c6800000,0x000000d3c6900000],  sp=0x000000d3c68fe0b0,  free space=1016k
Native frames: (J=compiled Java code, j=interpreted, Vv=VM code, C=native code)
C  [java.dll+0x11d0]  (no source info available)
C  [java.dll+0xfab8]  (no source info available)
C  [java.dll+0xf548]  (no source info available)
C  [java.dll+0xf4fc]  (no source info available)
C  [java.dll+0xf798]  (no source info available)
C  [java.dll+0xf8d4]  (no source info available)
C  [ntdll.dll+0x2c1bc]  (no source info available)
C  [ntdll.dll+0x62b48]  (no source info available)
C  [ntdll.dll+0x628c4]  (no source info available)
C  [ntdll.dll+0x37030]  (no source info available)
C  [ntdll.dll+0x2d924]  (no source info available)
C  [ntdll.dll+0x35c00]  (no source info available)
C  [ntdll.dll+0x35af8]  (no source info available)
C  [KERNELBASE.dll+0x234f0]  (no source info available)
C  [KERNELBASE.dll+0x1f6c4]  (no source info available)
C  [KERNELBASE.dll+0x6cc64]  (no source info available)
V  [jvm.dll+0x6d9eb8]  (no source info available)
V  [jvm.dll+0x6d237c]  (no source info available)
V  [jvm.dll+0x1ed384]  (no source info available)
V  [jvm.dll+0x1ec198]  (no source info available)
V  [jvm.dll+0x3a0b48]  (no source info available)
V  [jvm.dll+0x8a771c]  (no source info available)
V  [jvm.dll+0x444714]  (no source info available)
C  [jli.dll+0x53fc]  (no source info available)
C  [ucrtbase.dll+0x20f68]  (no source info available)
C  [KERNEL32.DLL+0xce04]  (no source info available)
C  [ntdll.dll+0x6ca74]  (no source info available)


siginfo: EXCEPTION_ILLEGAL_INSTRUCTION (0xc000001d)


Registers:
X0 =0x00007ffd3973c2e8, X1 =0x000000d3c6900000, X2 =0x0000000000000000, X3 =0x0000000000000000
X4 =0x0000000000000000, X5 =0x0000000000000000, X6 =0x0000000000000000, X7 =0x0000000000000000
X8 =0x000000d3c62f4000, X9 =0x00007ffd3973c000, X10=0x0000000000000000, X11=0x000000007ffe0384
X12=0x0000000000000000, X13=0x0000000000000000, X14=0x0000000000000000, X15=0x00007ffd397210f0
X16=0x0000000000000000, X17=0x00007ffd3973b000, X18=0x0000000000000000, X19=0x000000d3c6900000
, X20=0x00007ffd3973c000, X21=0x0000000000000001, X22=0x0000000000000000, X23=0x00007ffd39720000
, X24=0x0000000000000000, X25=0x00007ffd5389c000, X26=0x00007ffd538a0000, X27=0x00007ffd5385fa68, X28=0x00000013f592856b


Top of Stack: (sp=0x000000d3c68fe0b0)
0x000000d3c68fe0b0:   000000d3c68fe0d0 00007ffd3972f548   ........H.r9....
0x000000d3c68fe0c0:   0000000000000001 0000000000000000   ................
0x000000d3c68fe0d0:   000000d3c68fe120 00007ffd3972f4fc    .........r9....
0x000000d3c68fe0e0:   0000000000000000 00007ffd5236971c   ..........6R....
0x000000d3c68fe0f0:   0000000000000001 0000000000000000   ................
0x000000d3c68fe100:   0000000000000001 00007ffd39720000   ..........r9....
0x000000d3c68fe110:   00007ffd39733438 0000026e96c77280   84s9.....r..n...
0x000000d3c68fe120:   000000d3c68fe130 00007ffd3972f798   0.........r9....
0x000000d3c68fe130:   000000d3c68fe190 00007ffd3972f8d4   ..........r9....
0x000000d3c68fe140:   0000000100000001 0000000000000000   ................
0x000000d3c68fe150:   00007ffd39720000 00007ffd3972f8c4   ..r9......r9....
0x000000d3c68fe160:   0000000000000000 0000000000000001   ................
0x000000d3c68fe170:   00007ffd39720000 0000000000000001   ..r9............
0x000000d3c68fe180:   00007ffd39720000 0000000000000001   ..r9............
0x000000d3c68fe190:   000000d3c68fe1c0 00007ffd5376c1bc   ..........vS....
0x000000d3c68fe1a0:   000000007ffe0385 000000007ffe0384   ................
0x000000d3c68fe1b0:   00007ffd3972f898 00007ffd52369840   ..r9....@.6R....
0x000000d3c68fe1c0:   000000d3c68fe220 00007ffd537a2b48    .......H+zS....
0x000000d3c68fe1d0:   00000001c68fe200 00007ffd39720000   ..........r9....
0x000000d3c68fe1e0:   0000026e96c78240 0000026e96c70a00   @...n.......n...
0x000000d3c68fe1f0:   0000026e96c782e0 0000000000000000   ....n...........
0x000000d3c68fe200:   0000000000000001 00007ffd3972f898   ..........r9....
0x000000d3c68fe210:   00007ffd5389f9e8 00007ffd538692f8   ...S.......S....
0x000000d3c68fe220:   000000d3c68fe340 00007ffd537a28c4   @........(zS....
0x000000d3c68fe230:   0000026e96c70000 00007ffd53869320   ....n... ..S....
0x000000d3c68fe240:   0000000000000001 00007ffd538a0128   ........(..S....
0x000000d3c68fe250:   0000026e96c78240 00007ffd3972f898   @...n.....r9....
0x000000d3c68fe260:   00007ffd5389f9e8 00007ffd538692f8   ...S.......S....
0x000000d3c68fe270:   00007ffd5389f628 0000026e96c782e0   (..S........n...
0x000000d3c68fe280:   0000026e96c70a00 0000000000000000   ....n...........
0x000000d3c68fe290:   0000026e96c70a00 0000000000000000   ....n...........
0x000000d3c68fe2a0:   0000026e96c70a00 00007ffd39720000   ....n.....r9....

Instructions: (pc=0x00007ffd397211d0)
  0x00007ffd397210d0:   10 02 40 f9 31 02 40 f9 f0 47 01 a9 df 38 00 94
  0x00007ffd397210e0:   00 00 3e d4 00 00 00 00 00 00 00 00 00 00 00 00
  0x00007ffd397210f0:   d0 00 00 d0 10 d2 4c b9 90 00 00 36 01 fc e2 c8
  0x00007ffd39721100:   e0 03 02 aa c0 03 5f d6 10 01 00 b4 03 fc 5f c8
  0x00007ffd39721110:   7f 00 02 eb 61 00 00 54 01 fc 10 c8 90 ff ff 35
  0x00007ffd39721120:   e0 03 03 aa c0 03 5f d6 4f fe ff 10 25 00 00 14
  0x00007ffd39721130:   d0 00 00 d0 10 d2 4c b9 70 00 00 36 00 80 e1 f8
  0x00007ffd39721140:   c0 03 5f d6 d0 00 00 b4 02 fc 5f c8 01 fc 10 c8
  0x00007ffd39721150:   d0 ff ff 35 e0 03 02 aa c0 03 5f d6 af fe ff 10
  0x00007ffd39721160:   18 00 00 14 00 00 00 00 00 00 00 00 00 00 00 00
  0x00007ffd39721170:   10 00 40 b9 b1 03 80 d2 11 00 b8 f2 1f 02 11 6b
  0x00007ffd39721180:   81 01 00 54 50 84 40 f9 11 02 40 b9 31 6a 1b 12
  0x00007ffd39721190:   0f 48 88 52 0f a7 ba 72 ff 01 11 6b a1 00 00 54
  0x00007ffd397211a0:   10 12 00 91 50 84 00 f9 00 00 80 52 c0 03 5f d6
  0x00007ffd397211b0:   20 00 80 52 c0 03 5f d6 00 00 00 00 00 00 00 00
  0x00007ffd397211c0:   10 00 b0 d2 d1 00 00 d0 30 d2 0c b9 10 00 80 d2
=>0x00007ffd397211d0:   50 42 38 d5 10 0e 42 d3 10 01 00 b4 10 06 38 d5
  0x00007ffd397211e0:   10 5e 54 d3 1f 0a 00 f1 f0 37 9f 9a 10 02 61 b2
  0x00007ffd397211f0:   30 d2 0c b9 e0 01 1f d6 d0 ff af d2 10 5a 4a 39
  0x00007ffd39721200:   fb ff ff 17 00 00 00 00 00 00 00 00 00 00 00 00
  0x00007ffd39721210:   20 01 1f d6 00 00 00 00 e1 03 02 aa e2 03 03 2a
  0x00007ffd39721220:   a7 36 00 14 00 00 00 00 fe 0f 1f f8 e1 03 02 aa
  0x00007ffd39721230:   e2 03 03 2a 83 00 80 52 a4 36 00 94 e0 03 00 2a
  0x00007ffd39721240:   fe 07 41 f8 c0 03 5f d6 fe 0f 1f f8 e1 03 02 aa
  0x00007ffd39721250:   e2 03 03 2a 03 01 80 52 9c 36 00 94 e0 03 00 2a
  0x00007ffd39721260:   fe 07 41 f8 c0 03 5f d6 fe 0f 1f f8 e1 03 02 aa
  0x00007ffd39721270:   e2 03 03 2a a3 00 80 52 94 36 00 94 e0 03 00 2a
  0x00007ffd39721280:   fe 07 41 f8 c0 03 5f d6 fe 0f 1f f8 e1 03 02 aa
  0x00007ffd39721290:   e2 03 03 2a e3 00 80 52 8c 36 00 94 00 00 67 9e
  0x00007ffd397212a0:   fe 07 41 f8 c0 03 5f d6 fe 0f 1f f8 e1 03 02 aa
  0x00007ffd397212b0:   e2 03 03 2a c3 00 80 52 84 36 00 94 00 00 27 1e
  0x00007ffd397212c0:   fe 07 41 f8 c0 03 5f d6 e1 03 02 aa e2 03 03 2a


Lock stack of current Java thread (top to bottom):


---------------  P R O C E S S  ---------------

Threads class SMR info:
_java_thread_list=0x00007ffd1b607e10, length=0, elements={
}

Java Threads: ( => current thread )
Total: 0

Other Threads:

=>0x0000026e96c99520 (exited) JavaThread "Unknown thread"    [_thread_in_vm, id=15840, stack(0x000000d3c6800000,0x000000d3c6900000) (1024K)]
Total: 1

Threads with active compile tasks:
Total: 0

VM state: not at safepoint (not fully initialized)

VM Mutex/Monitor currently owned by a thread: None

Heap address: 0x0000000000000000, size: 0 MB, Compressed Oops mode: 32-bit

CDS archive(s) mapped at: [0x0000000000000000-0x0000000000000000-0x0000000000000000), size 0, SharedBaseAddress: 0x0000000800000000, ArchiveRelocationMode: 1.
UseCompressedClassPointers 1, UseCompactObjectHeaders 0
Narrow klass pointer bits 32, Max shift 3
Narrow klass base: 0xffffffffffffffff, Narrow klass shift: -1
Encoding Range: [0xffffffffffffffff - 0x000000007fffffff), (2147483648 bytes)
Klass Range:    [0x0000000000000000 - 0x0000000000000000), (0 bytes)
Klass ID Range:  [4294967295 - 0) (1)
No protection zone.

GC Precious Log:
<Not initialized>

Dll operation events (0 events):
No events

Deoptimization events (0 events):
No events

Classes loaded (0 events):
No events

Classes unloaded (0 events):
No events

Classes redefined (0 events):
No events

Internal exceptions (0 events):
No events

VM Operations (0 events):
No events

Memory protections (0 events):
No events

Nmethod flushes (0 events):
No events

Events (0 events):
No events


Dynamic libraries:
0x00007ff70eeb0000 - 0x00007ff70eebe000 	C:\Program Files\Microsoft\jdk-25.0.2.10-hotspot\bin\java.exe
0x00007ffd53740000 - 0x00007ffd53927000 	C:\WINDOWS\SYSTEM32\ntdll.dll
0x00007ffd53370000 - 0x00007ffd5342e000 	C:\WINDOWS\System32\KERNEL32.DLL
0x00007ffd512c0000 - 0x00007ffd515b4000 	C:\WINDOWS\System32\KERNELBASE.dll
0x00007ffd51180000 - 0x00007ffd51270000 	C:\WINDOWS\System32\ucrtbase.dll
0x00007ffd39740000 - 0x00007ffd39757000 	C:\Program Files\Microsoft\jdk-25.0.2.10-hotspot\bin\jli.dll
0x00007ffd53430000 - 0x00007ffd535ce000 	C:\WINDOWS\System32\USER32.dll
0x00007ffd51630000 - 0x00007ffd5164d000 	C:\WINDOWS\System32\win32u.dll
0x00007ffd536a0000 - 0x00007ffd536ca000 	C:\WINDOWS\System32\GDI32.dll
0x00007ffd503f0000 - 0x00007ffd50681000 	C:\WINDOWS\WinSxS\arm64_microsoft.windows.common-controls_6595b64144ccf1df_6.0.19041.4957_none_60b88ae171f66482\COMCTL32.dll
0x00007ffd50f80000 - 0x00007ffd5108c000 	C:\WINDOWS\System32\gdi32full.dll
0x00007ffd39470000 - 0x00007ffd394a4000 	C:\Program Files\Microsoft\jdk-25.0.2.10-hotspot\bin\VCRUNTIME140.dll
0x00007ffd51650000 - 0x00007ffd516ee000 	C:\WINDOWS\System32\msvcp_win.dll
0x00007ffd52c90000 - 0x00007ffd52d28000 	C:\WINDOWS\System32\msvcrt.dll
0x00007ffd52160000 - 0x00007ffd5218e000 	C:\WINDOWS\System32\IMM32.DLL
0x00007ffd2b5f0000 - 0x00007ffd2b744000 	C:\Program Files\Microsoft\jdk-25.0.2.10-hotspot\bin\msvcp140.dll
0x00007ffd1a9d0000 - 0x00007ffd1b75c000 	C:\Program Files\Microsoft\jdk-25.0.2.10-hotspot\bin\server\jvm.dll
0x00007ffd51b60000 - 0x00007ffd51c0f000 	C:\WINDOWS\System32\ADVAPI32.dll
0x00007ffd521c0000 - 0x00007ffd52261000 	C:\WINDOWS\System32\sechost.dll
0x00007ffd51f40000 - 0x00007ffd52061000 	C:\WINDOWS\System32\RPCRT4.dll
0x00007ffd51090000 - 0x00007ffd510b9000 	C:\WINDOWS\System32\bcrypt.dll
0x00007ffd520e0000 - 0x00007ffd52157000 	C:\WINDOWS\System32\WS2_32.dll
0x00007ffd4e730000 - 0x00007ffd4e73a000 	C:\WINDOWS\SYSTEM32\VERSION.dll
0x00007ffd31ae0000 - 0x00007ffd31b07000 	C:\WINDOWS\SYSTEM32\WINMM.dll
0x00007ffd50910000 - 0x00007ffd5095a000 	C:\WINDOWS\SYSTEM32\POWRPROF.dll
0x00007ffd50840000 - 0x00007ffd50850000 	C:\WINDOWS\SYSTEM32\UMPDC.dll
0x00007ffd4e710000 - 0x00007ffd4e721000 	C:\WINDOWS\SYSTEM32\kernel.appcore.dll
0x00007ffd397d0000 - 0x00007ffd397da000 	C:\Program Files\Microsoft\jdk-25.0.2.10-hotspot\bin\jimage.dll
0x00007ffd50960000 - 0x00007ffd50b52000 	C:\WINDOWS\SYSTEM32\DBGHELP.DLL
0x00007ffd50850000 - 0x00007ffd50884000 	C:\WINDOWS\SYSTEM32\dbgcore.DLL
0x00007ffd515c0000 - 0x00007ffd51628000 	C:\WINDOWS\System32\bcryptPrimitives.dll
0x00007ffd39720000 - 0x00007ffd39740000 	C:\Program Files\Microsoft\jdk-25.0.2.10-hotspot\bin\java.dll
0x00007ffd52d30000 - 0x00007ffd52e64000 	C:\WINDOWS\System32\ole32.dll
0x00007ffd52f50000 - 0x00007ffd532e5000 	C:\WINDOWS\System32\combase.dll
0x00007ffd52270000 - 0x00007ffd52ac0000 	C:\WINDOWS\System32\SHELL32.dll

JVMTI agents: none

dbghelp: loaded successfully - version: 4.0.5 - missing functions: none
symbol engine: initialized successfully - sym options: 0x614 - pdb path: .;C:\Program Files\Microsoft\jdk-25.0.2.10-hotspot\bin;C:\WINDOWS\SYSTEM32;C:\WINDOWS\WinSxS\arm64_microsoft.windows.common-controls_6595b64144ccf1df_6.0.19041.4957_none_60b88ae171f66482;C:\Program Files\Microsoft\jdk-25.0.2.10-hotspot\bin\server

VM Arguments:
java_command: <unknown>
java_class_path (initial): <not set>
Launcher Type: SUN_STANDARD

[Global flags]
     uint ConcGCThreads                            = 2                                         {product} {ergonomic}
     uint G1ConcRefinementThreads                  = 8                                         {product} {ergonomic}
   size_t InitialHeapSize                          = 127603904                                 {product} {ergonomic}
   size_t MarkStackSize                            = 4194304                                   {product} {ergonomic}
   size_t MaxHeapSize                              = 2041662464                                {product} {ergonomic}
   size_t MinHeapSize                              = 6815736                                   {product} {ergonomic}
    uintx ReservedCodeCacheSize                    = 251658240                              {pd product} {ergonomic}
     bool SegmentedCodeCache                       = true                                      {product} {ergonomic}
     bool UseCompressedOops                        = true                           {product lp64_product} {ergonomic}
     bool UseG1GC                                  = true                                      {product} {ergonomic}
     bool UseLargePagesIndividualAllocation        = false                                  {pd product} {ergonomic}

Logging:
Log output configuration:
 #0: stdout all=warning uptime,level,tags foldmultilines=false
 #1: stderr all=off uptime,level,tags foldmultilines=false

Release file:
<release file has not been read>
Environment Variables:
PATH=C:\Python314\Scripts\;C:\Python314\;C:\WINDOWS\system32;C:\WINDOWS;C:\WINDOWS\System32\Wbem;C:\WINDOWS\System32\WindowsPowerShell\v1.0\;C:\WINDOWS\System32\OpenSSH\;C:\Program Files (x86)\dotnet\;C:\Program Files\nodejs\;C:\ProgramData\chocolatey\bin;C:\Users\14663\AppData\Local\Microsoft\WindowsApps;C:\Users\14663\AppData\Local\Programs\Antigravity\bin;C:\Users\14663\AppData\Roaming\npm
USERNAME=14663
OS=Windows_NT
PROCESSOR_IDENTIFIER=ARMv8 (64-bit) Family 8 Model 803 Revision 70C, Qualcomm Technologies Inc
TMP=C:\Users\14663\AppData\Local\Temp
TEMP=C:\Users\14663\AppData\Local\Temp




Compilation memory statistics disabled.

Periodic native trim disabled

---------------  S Y S T E M  ---------------

OS:
 Windows 10 , 64 bit Build 19041 (10.0.19041.5072)
OS uptime: 0 days 23:48 hours

CPU: total 8 (initial active 8) 
Processor Information for processor 0
  Max Mhz: 1766, Current Mhz: 1766, Mhz Limit: 1766
Processor Information for processor 1
  Max Mhz: 1766, Current Mhz: 1766, Mhz Limit: 1766
Processor Information for processor 2
  Max Mhz: 1766, Current Mhz: 1766, Mhz Limit: 1766
Processor Information for processor 3
  Max Mhz: 1766, Current Mhz: 1766, Mhz Limit: 1766
Processor Information for processor 4
  Max Mhz: 2745, Current Mhz: 2956, Mhz Limit: 2745
Processor Information for processor 5
  Max Mhz: 2745, Current Mhz: 2956, Mhz Limit: 2745
Processor Information for processor 6
  Max Mhz: 2745, Current Mhz: 2956, Mhz Limit: 2745
Processor Information for processor 7
  Max Mhz: 2745, Current Mhz: 2956, Mhz Limit: 2745

Memory: 4k page, system-wide physical 7788M (1112M free)
TotalPageFile size 15468M (AvailPageFile size 4340M)
current process WorkingSet (physical memory assigned to process): 10M, peak: 10M
current process commit charge ("private bytes"): 4M, peak: 4M

vm_info: OpenJDK 64-Bit Server VM (25.0.2+10-LTS) for windows-aarch64 JRE (25.0.2+10-LTS), built on 2026-01-07T22:18:27Z with MS VC++ 17.14 (VS2022)

END.
